<?xml version="1.0" encoding="UTF-8"?>
<!-- Generated by org.testng.reporters.JUnitReportReporter -->
<testsuite hostname="LAPTOP-D0186BFF" failures="0" tests="2" name="com.simplilearn.FacebookTest" time="8.266" errors="0" timestamp="2022-03-22T20:53:26 IST" skipped="0">
  <testcase classname="com.simplilearn.FacebookTest" name="launchFB" time="4.067"/>
  <system-out/>
  <testcase classname="com.simplilearn.FacebookTest" name="testTitle" time="4.199"/>
  <system-out/>
</testsuite> <!-- com.simplilearn.FacebookTest -->
