<?xml version="1.0" encoding="UTF-8"?>
<!-- Generated by org.testng.reporters.JUnitReportReporter -->
<testsuite hostname="LAPTOP-D0186BFF" failures="0" tests="2" name="com.simplilearn.testngselenium.SimpleTestNG" time="0.010" errors="0" timestamp="2022-03-17T21:44:59 IST" skipped="0">
  <testcase classname="com.simplilearn.testngselenium.SimpleTestNG" name="method1" time="0.008"/>
  <system-out/>
  <testcase classname="com.simplilearn.testngselenium.SimpleTestNG" name="method2" time="0.002"/>
  <system-out/>
</testsuite> <!-- com.simplilearn.testngselenium.SimpleTestNG -->
