<?xml version="1.0" encoding="UTF-8"?>
<!-- Generated by org.testng.reporters.JUnitReportReporter -->
<testsuite hostname="LAPTOP-D0186BFF" failures="0" tests="1" name="com.simplilearn.testngselenium.TestNG1" time="0.011" errors="0" timestamp="2022-03-17T21:47:57 IST" skipped="0">
  <testcase classname="com.simplilearn.testngselenium.TestNG1" name="testTrue" time="0.011"/>
  <system-out/>
</testsuite> <!-- com.simplilearn.testngselenium.TestNG1 -->
