<?xml version="1.0" encoding="UTF-8"?>
<!-- Generated by org.testng.reporters.JUnitReportReporter -->
<testsuite hostname="LAPTOP-D0186BFF" failures="0" tests="2" name="com.simplilearn.testngselenium.AssersionsDemo" time="14.957" errors="0" timestamp="2022-03-17T22:04:07 IST" skipped="0">
  <testcase classname="com.simplilearn.testngselenium.AssersionsDemo" name="titleTest" time="7.727"/>
  <system-out/>
  <testcase classname="com.simplilearn.testngselenium.AssersionsDemo" name="login" time="7.230"/>
  <system-out/>
</testsuite> <!-- com.simplilearn.testngselenium.AssersionsDemo -->
